[12:36:03] [INIT] KubeJS 2001.6.5-build.16; MC 2001 forge
[12:36:03] [INIT] Loaded plugins:
[12:36:03] [INIT] - dev.latvian.mods.kubejs.forge.BuiltinKubeJSForgePlugin
[12:36:03] [INIT] - dev.latvian.mods.kubejs.forge.BuiltinKubeJSForgeClientPlugin
[12:36:03] [INIT] - thedarkcolour.exdeorum.compat.kubejs.ExDeorumKubeJsPlugin
[12:36:03] [INIT] - com.almostreliable.kubeio.kube.KubePlugin
[12:36:03] [INIT] - com.lowdragmc.lowdraglib.kjs.LDLibKubeJSPlugin
[12:36:03] [INIT] - dev.ftb.mods.ftbxmodcompat.ftbquests.kubejs.KubeJSIntegration
[12:36:03] [INIT] - dev.ftb.mods.ftbxmodcompat.ftbchunks.kubejs.FTBChunksKubeJSPlugin
[12:36:03] [INIT] - dev.ftb.mods.ftbxmodcompat.ftbteams.kubejs.FTBTeamsKubeJSPlugin
[12:36:03] [INIT] - dev.ftb.mods.ftbxmodcompat.ftbfiltersystem.kubejs.FFSKubeJSPlugin
[12:36:03] [INIT] - com.probejs.ProbeJSPlugin
[12:36:03] [INIT] - com.blakebr0.cucumber.compat.kubejs.CucumberKubeJSPlugin
[12:36:03] [INIT] - com.gregtechceu.gtceu.integration.kjs.GregTechKubeJSPlugin
[12:36:03] [INIT] - net.cathienova.kubejsbloodmagic.KubeJSBloodMagicPlugin
[12:36:03] [INIT] - dev.sorin.kubejsextendedcrafting.KubejsExtendedCraftingPlugin
[12:36:03] [INFO] jei.js#5: Hello, World! (Loaded client scripts)
[12:36:03] [ERROR] ! Line 40: 'onEvent()' is no longer supported! Read more on wiki: https://kubejs.com/kjs6
[12:36:03] [INFO] tooltip.js#1: Loaded Java class 'com.gregtechceu.gtceu.common.machine.multiblock.electric.FusionReactorMachine'
[12:36:03] [INFO] Loaded script client_scripts:tooltip.js in 0.001 s
[12:36:03] [INFO] Loaded 1/2 KubeJS client scripts in 0.012 s with 0 errors and 0 warnings
