[12:06:21] [INIT] KubeJS 2001.6.5-build.16; MC 2001 forge
[12:06:21] [INIT] Loaded plugins:
[12:06:21] [INIT] - dev.latvian.mods.kubejs.forge.BuiltinKubeJSForgePlugin
[12:06:21] [INIT] - dev.latvian.mods.kubejs.forge.BuiltinKubeJSForgeClientPlugin
[12:06:21] [INIT] - thedarkcolour.exdeorum.compat.kubejs.ExDeorumKubeJsPlugin
[12:06:21] [INIT] - com.almostreliable.kubeio.kube.KubePlugin
[12:06:21] [INIT] - com.lowdragmc.lowdraglib.kjs.LDLibKubeJSPlugin
[12:06:21] [INIT] - dev.ftb.mods.ftbxmodcompat.ftbquests.kubejs.KubeJSIntegration
[12:06:21] [INIT] - dev.ftb.mods.ftbxmodcompat.ftbchunks.kubejs.FTBChunksKubeJSPlugin
[12:06:21] [INIT] - dev.ftb.mods.ftbxmodcompat.ftbteams.kubejs.FTBTeamsKubeJSPlugin
[12:06:21] [INIT] - dev.ftb.mods.ftbxmodcompat.ftbfiltersystem.kubejs.FFSKubeJSPlugin
[12:06:21] [INIT] - com.probejs.ProbeJSPlugin
[12:06:21] [INIT] - com.blakebr0.cucumber.compat.kubejs.CucumberKubeJSPlugin
[12:06:21] [INIT] - com.gregtechceu.gtceu.integration.kjs.GregTechKubeJSPlugin
[12:06:21] [INIT] - net.cathienova.kubejsbloodmagic.KubeJSBloodMagicPlugin
[12:06:21] [INIT] - dev.sorin.kubejsextendedcrafting.KubejsExtendedCraftingPlugin
[12:06:21] [INFO] Loaded script server_scripts:assline/circuits.js in 0.001 s
[12:06:21] [INFO] Loaded script server_scripts:assline/components.js in 0.001 s
[12:06:21] [INFO] Loaded script server_scripts:assline/gregline.js in 0.001 s
[12:06:21] [INFO] Loaded script server_scripts:assline/rocket.js in 0.003 s
[12:06:21] [INFO] Loaded script server_scripts:avaritia.js in 0.0 s
[12:06:21] [INFO] Loaded script server_scripts:hideremove.js in 0.003 s
[12:06:21] [INFO] Loaded script server_scripts:mainlines/atomicline.js in 0.001 s
[12:06:21] [INFO] Loaded script server_scripts:mainlines/bacteria.js in 0.002 s
[12:06:21] [INFO] Loaded script server_scripts:mainlines/extendedcrafting.js in 0.001 s
[12:06:21] [INFO] Loaded script server_scripts:mainlines/extractor.js in 0.001 s
[12:06:21] [INFO] Loaded script server_scripts:mainlines/gregification.js in 0.006 s
[12:06:21] [INFO] Loaded script server_scripts:mainlines/qsp.js in 0.001 s
[12:06:21] [INFO] Loaded script server_scripts:mainlines/solarpanels.js in 0.001 s
[12:06:21] [INFO] Loaded script server_scripts:multiblocks.js in 0.004 s
[12:06:21] [INFO] Loaded script server_scripts:ores/glacio_veins.js in 0.001 s
[12:06:21] [INFO] Loaded script server_scripts:pebbles.js in 0.001 s
[12:06:21] [INFO] Loaded script server_scripts:power/big_solar.js in 0.001 s
[12:06:21] [INFO] Loaded script server_scripts:powergen/naquadahfuel.js in 0.0 s
[12:06:21] [INFO] Loaded script server_scripts:stoneage.js in 0.0 s
[12:06:21] [INFO] Loaded script server_scripts:tags.js in 0.002 s
[12:06:21] [INFO] Loaded script server_scripts:worldgen/bedrockfluid.js in 0.0 s
[12:06:21] [INFO] Loaded 21/21 KubeJS server scripts in 0.064 s with 0 errors and 0 warnings
[12:06:21] [INFO] Scripts loaded
[12:06:21] [INFO] Initializing recipe event...
[12:06:24] [INFO] [minecraft:item] Found 5291 tags, added 26 objects, removed 0 objects
[12:06:24] [INFO] [minecraft:block] Found 1400 tags, added 20 objects, removed 0 objects
[12:06:28] [INFO] Processing recipes...
[12:06:28] [WARN] Failed to parse recipe 'gtceu:arc_furnace/arc_dense_infinity_plate[gtceu:arc_furnace]'! Falling back to vanilla: Index 0 out of bounds for length 0
[12:06:29] [INFO] Found 45045 recipes in 1.218 s
[12:06:31] [INFO] Posted recipe events in 1.985 s
[12:06:32] [INFO] Added 441 recipes, removed 905 recipes, modified 7 recipes, with 0 failed recipes in 1.582 s
[12:06:40] [INFO] Server resource reload complete!
